<?xml version="1.0" encoding="UTF-8"?>
<!-- Generated by org.testng.reporters.JUnitXMLReporter -->
<testsuite ignored="0" hostname="Aruns-MacBook-Air.local" failures="2" tests="2" name="errorValidation" time="56.613" errors="0" timestamp="2025-02-07T13:49:58 IST">
  <testcase classname="rahulshetty.tests.ErrorMessegeValidationTest" name="validateLoginPageErrorMessage" time="8.113">
    <failure type="java.lang.AssertionError" message="expected:&amp;lt;Incorrect email or password.&amp;gt; but was:&amp;lt;Incorrect email orui password.&amp;gt;">
      <![CDATA[java.lang.AssertionError: expected:<Incorrect email or password.> but was:<Incorrect email orui password.>
at rahulshetty.tests.ErrorMessegeValidationTest.validateLoginPageErrorMessage(ErrorMessegeValidationTest.java:30)
at java.base/java.util.ArrayList.forEach(ArrayList.java:1597)
at java.base/java.util.concurrent.FutureTask.run(FutureTask.java:317)
at java.base/java.util.concurrent.ThreadPoolExecutor.runWorker(ThreadPoolExecutor.java:1144)
at java.base/java.util.concurrent.ThreadPoolExecutor$Worker.run(ThreadPoolExecutor.java:642)
at java.base/java.lang.Thread.run(Thread.java:1575)
... Removed 17 stack frames]]>
    </failure>
  </testcase> <!-- validateLoginPageErrorMessage -->
  <testcase classname="rahulshetty.tests.ErrorMessegeValidationTest" name="validateLoginPageErrorMessage" time="5.389">
    <failure type="java.lang.AssertionError" message="expected:&amp;lt;Incorrect email or password.&amp;gt; but was:&amp;lt;Incorrect email orui password.&amp;gt;">
      <![CDATA[java.lang.AssertionError: expected:<Incorrect email or password.> but was:<Incorrect email orui password.>
at rahulshetty.tests.ErrorMessegeValidationTest.validateLoginPageErrorMessage(ErrorMessegeValidationTest.java:30)
at java.base/java.util.ArrayList.forEach(ArrayList.java:1597)
at java.base/java.util.concurrent.FutureTask.run(FutureTask.java:317)
at java.base/java.util.concurrent.ThreadPoolExecutor.runWorker(ThreadPoolExecutor.java:1144)
at java.base/java.util.concurrent.ThreadPoolExecutor$Worker.run(ThreadPoolExecutor.java:642)
at java.base/java.lang.Thread.run(Thread.java:1575)
... Removed 17 stack frames]]>
    </failure>
  </testcase> <!-- validateLoginPageErrorMessage -->
</testsuite> <!-- errorValidation -->
