<?xml version="1.0" encoding="UTF-8"?>
<!-- Generated by org.testng.reporters.JUnitXMLReporter -->
<testsuite ignored="0" hostname="Aruns-MacBook-Air.local" failures="0" tests="3" name="Test22" time="137.645" errors="0" timestamp="2025-02-07T23:10:22 IST">
  <testcase classname="rahulshetty.tests.AddToCartTest" name="hi" time="25.912">
    <skipped/>
  </testcase> <!-- hi -->
  <testcase classname="rahulshetty.tests.AddToCartTest" name="hi" time="26.447">
    <skipped/>
  </testcase> <!-- hi -->
  <testcase classname="rahulshetty.tests.AddToCartTest" name="hi" time="39.466"/>
</testsuite> <!-- Test22 -->
