<?xml version="1.0" encoding="UTF-8"?>
<!-- Generated by org.testng.reporters.JUnitXMLReporter -->
<testsuite ignored="0" hostname="Aruns-MacBook-Air.local" failures="0" tests="2" name="Test11" time="34.768" errors="0" timestamp="2025-02-09T11:31:06 IST">
  <testcase classname="rahulshetty.tests.ErrorMessegeValidationTest" name="validateLoginPageErrorMessage" time="3.83"/>
  <testcase classname="rahulshetty.tests.ErrorMessegeValidationTest" name="validateLoginPageErrorMessage" time="3.064"/>
</testsuite> <!-- Test11 -->
