<?xml version="1.0" encoding="UTF-8"?>
<!-- Generated by org.testng.reporters.JUnitXMLReporter -->
<testsuite ignored="0" hostname="Aruns-MacBook-Air.local" failures="0" tests="2" name="Test21" time="17.837" errors="0" timestamp="2025-02-09T22:21:49 IST">
  <testcase classname="rahulshetty.tests.ErrorMessegeValidationTest" name="validateLoginPageErrorMessage" time="0.708"/>
  <testcase classname="rahulshetty.tests.ErrorMessegeValidationTest" name="validateLoginPageErrorMessage" time="1.288"/>
</testsuite> <!-- Test21 -->
