<?xml version="1.0" encoding="UTF-8"?>
<!-- Generated by org.testng.reporters.JUnitXMLReporter -->
<testsuite ignored="0" hostname="Aruns-MacBook-Air.local" failures="0" tests="2" name="Test11" time="13.958" errors="0" timestamp="2025-02-14T23:12:15 IST">
  <testcase classname="rahulshetty.tests.ErrorMessegeValidationTest" name="validateLoginPageErrorMessage" time="0.759"/>
  <testcase classname="rahulshetty.tests.ErrorMessegeValidationTest" name="validateLoginPageErrorMessage" time="0.76"/>
</testsuite> <!-- Test11 -->
