<?xml version="1.0" encoding="UTF-8"?>
<testng-results ignored="0" total="2" passed="2" failed="0" skipped="0">
  <reporter-output>
  </reporter-output>
  <suite started-at="2025-02-09T22:41:03 IST" name="Default suite" finished-at="2025-02-09T22:42:31 IST" duration-ms="88284">
    <groups>
      <group name="SubmitOrder">
        <method signature="StandAloneTest.submitOrder(java.lang.String,java.lang.String,java.lang.String)[pri:0, instance:rahulshetty.tests.StandAloneTest@45752059]" name="submitOrder" class="rahulshetty.tests.StandAloneTest"/>
      </group> <!-- SubmitOrder -->
    </groups>
    <test started-at="2025-02-09T22:41:03 IST" name="Default test" finished-at="2025-02-09T22:42:31 IST" duration-ms="88284">
      <class name="rahulshetty.tests.StandAloneTest">
        <test-method is-config="true" signature="launchApplication()[pri:0, instance:rahulshetty.tests.StandAloneTest@45752059]" started-at="2025-02-09T22:41:03 IST" name="launchApplication" finished-at="2025-02-09T22:41:19 IST" duration-ms="15804" status="PASS">
          <reporter-output>
          </reporter-output>
        </test-method> <!-- launchApplication -->
        <test-method signature="submitOrder(java.lang.String,java.lang.String,java.lang.String)[pri:0, instance:rahulshetty.tests.StandAloneTest@45752059]" started-at="2025-02-09T22:41:19 IST" name="submitOrder" data-provider="getData" finished-at="2025-02-09T22:41:47 IST" duration-ms="28079" status="PASS">
          <params>
            <param index="0">
              <value>
                <![CDATA[arunnatikar99@gmail.com]]>
              </value>
            </param>
            <param index="1">
              <value>
                <![CDATA[Rahul@1234]]>
              </value>
            </param>
            <param index="2">
              <value>
                <![CDATA[IPHONE]]>
              </value>
            </param>
          </params>
          <reporter-output>
          </reporter-output>
        </test-method> <!-- submitOrder -->
        <test-method is-config="true" signature="tearDown()[pri:0, instance:rahulshetty.tests.StandAloneTest@45752059]" started-at="2025-02-09T22:41:47 IST" name="tearDown" finished-at="2025-02-09T22:41:47 IST" duration-ms="134" status="PASS">
          <reporter-output>
          </reporter-output>
        </test-method> <!-- tearDown -->
        <test-method is-config="true" signature="launchApplication()[pri:0, instance:rahulshetty.tests.StandAloneTest@45752059]" started-at="2025-02-09T22:41:47 IST" name="launchApplication" finished-at="2025-02-09T22:42:01 IST" duration-ms="13411" status="PASS">
          <reporter-output>
          </reporter-output>
        </test-method> <!-- launchApplication -->
        <test-method signature="submitOrder(java.lang.String,java.lang.String,java.lang.String)[pri:0, instance:rahulshetty.tests.StandAloneTest@45752059]" started-at="2025-02-09T22:42:01 IST" name="submitOrder" data-provider="getData" finished-at="2025-02-09T22:42:31 IST" duration-ms="30632" status="PASS">
          <params>
            <param index="0">
              <value>
                <![CDATA[arunnatikar99@gmail.com]]>
              </value>
            </param>
            <param index="1">
              <value>
                <![CDATA[Rahul@1234]]>
              </value>
            </param>
            <param index="2">
              <value>
                <![CDATA[ADIDAS]]>
              </value>
            </param>
          </params>
          <reporter-output>
          </reporter-output>
        </test-method> <!-- submitOrder -->
        <test-method is-config="true" signature="tearDown()[pri:0, instance:rahulshetty.tests.StandAloneTest@45752059]" started-at="2025-02-09T22:42:31 IST" name="tearDown" finished-at="2025-02-09T22:42:31 IST" duration-ms="126" status="PASS">
          <reporter-output>
          </reporter-output>
        </test-method> <!-- tearDown -->
      </class> <!-- rahulshetty.tests.StandAloneTest -->
    </test> <!-- Default test -->
  </suite> <!-- Default suite -->
</testng-results>
